#
# There is insufficient memory for the Java Runtime Environment to continue.
# Native memory allocation (malloc) failed to allocate 1048576 bytes for AllocateHeap
# Possible reasons:
#   The system is out of physical RAM or swap space
#   The process is running with CompressedOops enabled, and the Java Heap may be blocking the growth of the native heap
# Possible solutions:
#   Reduce memory load on the system
#   Increase physical memory or swap space
#   Check if swap backing store is full
#   Decrease Java heap size (-Xmx/-Xms)
#   Decrease number of Java threads
#   Decrease Java thread stack sizes (-Xss)
#   Set larger code cache with -XX:ReservedCodeCacheSize=
#   JVM is running with Unscaled Compressed Oops mode in which the Java heap is
#     placed in the first 4GB address space. The Java Heap base address is the
#     maximum limit for the native heap growth. Please use -XX:HeapBaseMinAddress
#     to set the Java Heap base and to place the Java Heap above 4GB virtual address.
# This output file may be truncated or incomplete.
#
#  Out of Memory Error (memory/allocation.inline.hpp:61), pid=14768, tid=0x0000000000002a8c
#
# JRE version:  (8.0_201-b09) (build )
# Java VM: Java HotSpot(TM) 64-Bit Server VM (25.201-b09 mixed mode windows-amd64 compressed oops)
# Failed to write core dump. Minidumps are not enabled by default on client versions of Windows
#

---------------  T H R E A D  ---------------

Current thread (0x000000000316e000):  JavaThread "Unknown thread" [_thread_in_vm, id=10892, stack(0x0000000003170000,0x0000000003270000)]

Stack: [0x0000000003170000,0x0000000003270000]
[error occurred during error reporting (printing stack bounds), id 0xc0000005]

Native frames: (J=compiled Java code, j=interpreted, Vv=VM code, C=native code)


---------------  P R O C E S S  ---------------

Java Threads: ( => current thread )

Other Threads:

=>0x000000000316e000 (exited) JavaThread "Unknown thread" [_thread_in_vm, id=10892, stack(0x0000000003170000,0x0000000003270000)]

VM state:not at safepoint (normal execution)

VM Mutex/Monitor currently owned by a thread: None

heap address: 0x0000000084400000, size: 1980 MB, Compressed Oops mode: 32-bit
Narrow klass base: 0x0000000000000000, Narrow klass shift: 3
Compressed class space size: 1073741824 Address: 0x0000000100000000

Heap:
 PSYoungGen      total 36864K, used 634K [0x00000000d6c00000, 0x00000000d9500000, 0x0000000100000000)
  eden space 31744K, 2% used [0x00000000d6c00000,0x00000000d6c9eb90,0x00000000d8b00000)
  from space 5120K, 0% used [0x00000000d9000000,0x00000000d9000000,0x00000000d9500000)
  to   space 5120K, 0% used [0x00000000d8b00000,0x00000000d8b00000,0x00000000d9000000)
 ParOldGen       total 84992K, used 0K [0x0000000084400000, 0x0000000089700000, 0x00000000d6c00000)
  object space 84992K, 0% used [0x0000000084400000,0x0000000084400000,0x0000000089700000)
 Metaspace       used 751K, capacity 4480K, committed 4480K, reserved 1056768K
  class space    used 76K, capacity 384K, committed 384K, reserved 1048576K

Card table byte_map: [0x0000000012730000,0x0000000012b10000] byte_map_base: 0x000000001230e000

Marking Bits: (ParMarkBitMap*) 0x000000005b494ce0
 Begin Bits: [0x00000000131b0000, 0x00000000150a0000)
 End Bits:   [0x00000000150a0000, 0x0000000016f90000)

Polling page: 0x0000000002f20000

CodeCache: size=245760Kb used=328Kb max_used=328Kb free=245431Kb
 bounds [0x0000000003370000, 0x00000000035e0000, 0x0000000012370000]
 total_blobs=58 nmethods=0 adapters=38
 compilation: enabled

Compilation events (0 events):
No events

GC Heap History (0 events):
No events

Deoptimization events (0 events):
No events

Classes redefined (0 events):
No events

Internal exceptions (0 events):
No events

Events (10 events):
Event: 0.051 loading class java/lang/Short
Event: 0.051 loading class java/lang/Short done
Event: 0.051 loading class java/lang/Integer
Event: 0.051 loading class java/lang/Integer done
Event: 0.051 loading class java/lang/Long
Event: 0.051 loading class java/lang/Long done
Event: 0.052 loading class java/lang/NullPointerException
Event: 0.052 loading class java/lang/NullPointerException done
Event: 0.052 loading class java/lang/ArithmeticException
Event: 0.052 loading class java/lang/ArithmeticException done


Dynamic libraries:
0x00007ff7548f0000 - 0x00007ff754927000 	C:\Program Files\Java\jre1.8.0_201\bin\javaw.exe
0x00007ffc09420000 - 0x00007ffc09601000 	C:\WINDOWS\SYSTEM32\ntdll.dll
0x00007ffc09330000 - 0x00007ffc093e1000 	C:\WINDOWS\System32\KERNEL32.DLL
0x00007ffc06210000 - 0x00007ffc06483000 	C:\WINDOWS\System32\KERNELBASE.dll
0x00007ffc083c0000 - 0x00007ffc08461000 	C:\WINDOWS\System32\ADVAPI32.dll
0x00007ffc08b50000 - 0x00007ffc08bee000 	C:\WINDOWS\System32\msvcrt.dll
0x00007ffc08470000 - 0x00007ffc084cb000 	C:\WINDOWS\System32\sechost.dll
0x00007ffc089b0000 - 0x00007ffc08ad4000 	C:\WINDOWS\System32\RPCRT4.dll
0x00007ffc06c90000 - 0x00007ffc06e20000 	C:\WINDOWS\System32\USER32.dll
0x00007ffc066a0000 - 0x00007ffc066c0000 	C:\WINDOWS\System32\win32u.dll
0x00007ffc09300000 - 0x00007ffc09328000 	C:\WINDOWS\System32\GDI32.dll
0x00007ffc058e0000 - 0x00007ffc05a71000 	C:\WINDOWS\System32\gdi32full.dll
0x00007ffc057f0000 - 0x00007ffc0588f000 	C:\WINDOWS\System32\msvcp_win.dll
0x00007ffc06490000 - 0x00007ffc06588000 	C:\WINDOWS\System32\ucrtbase.dll
0x00007ffbf70e0000 - 0x00007ffbf7349000 	C:\WINDOWS\WinSxS\amd64_microsoft.windows.common-controls_6595b64144ccf1df_6.0.17134.885_none_fb42a3473065565f\COMCTL32.dll
0x00007ffc08bf0000 - 0x00007ffc08f12000 	C:\WINDOWS\System32\combase.dll
0x00007ffc05a80000 - 0x00007ffc05af9000 	C:\WINDOWS\System32\bcryptPrimitives.dll
0x00007ffc08980000 - 0x00007ffc089ad000 	C:\WINDOWS\System32\IMM32.DLL
0x000000005ab90000 - 0x000000005ac61000 	C:\Program Files\Java\jre1.8.0_201\bin\msvcr100.dll
0x000000005ac70000 - 0x000000005b514000 	C:\Program Files\Java\jre1.8.0_201\bin\server\jvm.dll
0x00007ffc08f30000 - 0x00007ffc08f38000 	C:\WINDOWS\System32\PSAPI.DLL
0x00007ffc031b0000 - 0x00007ffc031d3000 	C:\WINDOWS\SYSTEM32\WINMM.dll
0x00007ffbf5640000 - 0x00007ffbf5649000 	C:\WINDOWS\SYSTEM32\WSOCK32.dll
0x00007ffbf7890000 - 0x00007ffbf789a000 	C:\WINDOWS\SYSTEM32\VERSION.dll
0x00007ffc08ae0000 - 0x00007ffc08b4c000 	C:\WINDOWS\System32\WS2_32.dll
0x00007ffc03180000 - 0x00007ffc031aa000 	C:\WINDOWS\SYSTEM32\winmmbase.dll
0x00007ffc05890000 - 0x00007ffc058d9000 	C:\WINDOWS\System32\cfgmgr32.dll
0x00007ffc03240000 - 0x00007ffc0324f000 	C:\Program Files\Java\jre1.8.0_201\bin\verify.dll
0x00007ffbf6630000 - 0x00007ffbf6659000 	C:\Program Files\Java\jre1.8.0_201\bin\java.dll
0x00007ffc018f0000 - 0x00007ffc01906000 	C:\Program Files\Java\jre1.8.0_201\bin\zip.dll

VM Arguments:
jvm_args: -Dfile.encoding=Cp1252 
java_command: mainApp.CellularAutomaton
java_class_path (initial): C:\Users\Seif\eclipse-workspace\CellularAutomata\bin
Launcher Type: SUN_STANDARD

Environment Variables:
JAVA_HOME=C:\Program Files\Java\jdk1.8.0_161
PATH=C:/Program Files/Java/jre1.8.0_201/bin/server;C:/Program Files/Java/jre1.8.0_201/bin;C:/Program Files/Java/jre1.8.0_201/lib/amd64;C:\Program Files (x86)\Intel\Intel(R) Management Engine Components\iCLS\;C:\Program Files\Intel\Intel(R) Management Engine Components\iCLS\;C:\Program Files (x86)\Common Files\Oracle\Java\javapath;C:\ProgramData\Oracle\Java\javapath;C:\WINDOWS\system32;C:\WINDOWS;C:\WINDOWS\System32\Wbem;C:\WINDOWS\System32\WindowsPowerShell\v1.0\;C:\WINDOWS\System32\OpenSSH\;C:\Program Files\MATLAB\R2018a\bin;C:\Program Files (x86)\Intel\Intel(R) Management Engine Components\DAL;C:\Program Files\Intel\Intel(R) Management Engine Components\DAL;C:\Program Files\Java\jdk1.8.0_161\bin;C:\Program Files\nodejs\;C:\Program Files\Git\cmd;C:\Users\Seif\AppData\Local\Microsoft\WindowsApps;C:\altera\13.0\modelsim_ase\win32aloem;C:\Program Files\Java\jdk1.8.0_161\bin;;C:\Users\Seif\AppData\Local\Programs\Microsoft VS Code\bin;C:\Users\Seif\AppData\Roaming\npm;C:\Users\Seif\Desktop;
USERNAME=Seif
OS=Windows_NT
PROCESSOR_IDENTIFIER=Intel64 Family 6 Model 142 Stepping 9, GenuineIntel



---------------  S Y S T E M  ---------------

OS: Windows 10.0 , 64 bit Build 17134 (10.0.17134.753)

CPU:total 4 (initial active 4) (2 cores per cpu, 2 threads per core) family 6 model 142 stepping 9, cmov, cx8, fxsr, mmx, sse, sse2, sse3, ssse3, sse4.1, sse4.2, popcnt, avx, avx2, aes, clmul, erms, 3dnowpref, lzcnt, ht, tsc, tscinvbit, bmi1, bmi2, adx

Memory: 4k page, physical 8109872k(1713112k free), swap 33275696k(6000k free)

vm_info: Java HotSpot(TM) 64-Bit Server VM (25.201-b09) for windows-amd64 JRE (1.8.0_201-b09), built on Dec 15 2018 18:36:39 by "java_re" with MS VC++ 10.0 (VS2010)

time: Sat Aug 10 02:00:46 2019
timezone: New Zealand Standard Time
elapsed time: 0 seconds (0d 0h 0m 0s)

